<?xml version="1.0" encoding="UTF-8"?>
<coverage generated="1751014919829" clover="3.2.0">
  <project timestamp="1751014919829" name="All files">
    <metrics statements="39" coveredstatements="39" conditionals="18" coveredconditionals="15" methods="15" coveredmethods="15" elements="72" coveredelements="69" complexity="0" loc="39" ncloc="39" packages="7" files="11" classes="11"/>
    <package name="api">
      <metrics statements="7" coveredstatements="7" conditionals="0" coveredconditionals="0" methods="1" coveredmethods="1"/>
      <file name="api.ts" path="/Users/devanshvyas/Documents/Temp/src/api/api.ts">
        <metrics statements="7" coveredstatements="7" conditionals="0" coveredconditionals="0" methods="1" coveredmethods="1"/>
        <line num="4" count="2" type="stmt"/>
        <line num="6" count="2" type="stmt"/>
        <line num="7" count="3" type="stmt"/>
        <line num="8" count="3" type="stmt"/>
        <line num="12" count="2" type="stmt"/>
        <line num="14" count="1" type="stmt"/>
        <line num="15" count="1" type="stmt"/>
      </file>
    </package>
    <package name="components">
      <metrics statements="7" coveredstatements="7" conditionals="10" coveredconditionals="8" methods="3" coveredmethods="3"/>
      <file name="ProfileVIew.tsx" path="/Users/devanshvyas/Documents/Temp/src/components/ProfileVIew.tsx">
        <metrics statements="2" coveredstatements="2" conditionals="0" coveredconditionals="0" methods="1" coveredmethods="1"/>
        <line num="22" count="17" type="stmt"/>
        <line num="29" count="2" type="stmt"/>
      </file>
      <file name="RadioButton.tsx" path="/Users/devanshvyas/Documents/Temp/src/components/RadioButton.tsx">
        <metrics statements="3" coveredstatements="3" conditionals="6" coveredconditionals="6" methods="1" coveredmethods="1"/>
        <line num="11" count="1" type="stmt"/>
        <line num="16" count="34" type="stmt"/>
        <line num="28" count="1" type="stmt"/>
      </file>
      <file name="UserItem.tsx" path="/Users/devanshvyas/Documents/Temp/src/components/UserItem.tsx">
        <metrics statements="2" coveredstatements="2" conditionals="4" coveredconditionals="2" methods="1" coveredmethods="1"/>
        <line num="9" count="16" type="stmt"/>
        <line num="20" count="1" type="stmt"/>
      </file>
    </package>
    <package name="constants">
      <metrics statements="1" coveredstatements="1" conditionals="0" coveredconditionals="0" methods="0" coveredmethods="0"/>
      <file name="Colors.ts" path="/Users/devanshvyas/Documents/Temp/src/constants/Colors.ts">
        <metrics statements="1" coveredstatements="1" conditionals="0" coveredconditionals="0" methods="0" coveredmethods="0"/>
        <line num="1" count="2" type="stmt"/>
      </file>
    </package>
    <package name="graphQL">
      <metrics statements="1" coveredstatements="1" conditionals="0" coveredconditionals="0" methods="0" coveredmethods="0"/>
      <file name="queries.ts" path="/Users/devanshvyas/Documents/Temp/src/graphQL/queries.ts">
        <metrics statements="1" coveredstatements="1" conditionals="0" coveredconditionals="0" methods="0" coveredmethods="0"/>
        <line num="1" count="2" type="stmt"/>
      </file>
    </package>
    <package name="screens">
      <metrics statements="22" coveredstatements="22" conditionals="8" coveredconditionals="7" methods="10" coveredmethods="10"/>
      <file name="CustomerDetail.tsx" path="/Users/devanshvyas/Documents/Temp/src/screens/CustomerDetail.tsx">
        <metrics statements="2" coveredstatements="2" conditionals="2" coveredconditionals="1" methods="1" coveredmethods="1"/>
        <line num="10" count="1" type="stmt"/>
        <line num="24" count="1" type="stmt"/>
      </file>
      <file name="ZellerCustomerList.tsx" path="/Users/devanshvyas/Documents/Temp/src/screens/ZellerCustomerList.tsx">
        <metrics statements="20" coveredstatements="20" conditionals="6" coveredconditionals="6" methods="9" coveredmethods="9"/>
        <line num="23" count="20" type="stmt"/>
        <line num="24" count="20" type="stmt"/>
        <line num="25" count="20" type="stmt"/>
        <line num="28" count="20" type="stmt"/>
        <line num="30" count="20" type="stmt"/>
        <line num="31" count="7" type="stmt"/>
        <line num="32" count="7" type="stmt"/>
        <line num="33" count="7" type="stmt"/>
        <line num="34" count="7" type="stmt"/>
        <line num="35" count="7" type="stmt"/>
        <line num="36" count="7" type="stmt"/>
        <line num="40" count="20" type="stmt"/>
        <line num="49" count="1" type="stmt"/>
        <line num="56" count="2" type="stmt"/>
        <line num="74" count="2" type="stmt"/>
        <line num="76" count="6" type="cond" truecount="2" falsecount="0"/>
        <line num="79" count="2" type="stmt"/>
        <line num="95" count="16" type="stmt"/>
        <line num="99" count="1" type="stmt"/>
        <line num="111" count="1" type="stmt"/>
      </file>
    </package>
    <package name="types">
      <metrics statements="0" coveredstatements="0" conditionals="0" coveredconditionals="0" methods="0" coveredmethods="0"/>
      <file name="router.d.ts" path="/Users/devanshvyas/Documents/Temp/src/types/router.d.ts">
        <metrics statements="0" coveredstatements="0" conditionals="0" coveredconditionals="0" methods="0" coveredmethods="0"/>
      </file>
      <file name="zeller.d.ts" path="/Users/devanshvyas/Documents/Temp/src/types/zeller.d.ts">
        <metrics statements="0" coveredstatements="0" conditionals="0" coveredconditionals="0" methods="0" coveredmethods="0"/>
      </file>
    </package>
    <package name="utils">
      <metrics statements="1" coveredstatements="1" conditionals="0" coveredconditionals="0" methods="1" coveredmethods="1"/>
      <file name="stringutils.ts" path="/Users/devanshvyas/Documents/Temp/src/utils/stringutils.ts">
        <metrics statements="1" coveredstatements="1" conditionals="0" coveredconditionals="0" methods="1" coveredmethods="1"/>
        <line num="2" count="36" type="stmt"/>
      </file>
    </package>
  </project>
</coverage>
