{"/Users/devanshvyas/Documents/Temp/src/api/api.ts": {"path":"/Users/devanshvyas/Documents/Temp/src/api/api.ts","statementMap":{"0":{"start":{"line":4,"column":15},"end":{"line":4,"column":31}},"1":{"start":{"line":6,"column":39},"end":{"line":17,"column":1}},"2":{"start":{"line":7,"column":2},"end":{"line":16,"column":3}},"3":{"start":{"line":8,"column":26},"end":{"line":11,"column":6}},"4":{"start":{"line":12,"column":4},"end":{"line":12,"column":51}},"5":{"start":{"line":14,"column":4},"end":{"line":14,"column":49}},"6":{"start":{"line":15,"column":4},"end":{"line":15,"column":14}}},"fnMap":{"0":{"name":"(anonymous_0)","decl":{"start":{"line":6,"column":39},"end":{"line":6,"column":40}},"loc":{"start":{"line":6,"column":63},"end":{"line":17,"column":1}},"line":6}},"branchMap":{},"s":{"0":2,"1":2,"2":3,"3":3,"4":2,"5":1,"6":1},"f":{"0":3},"b":{},"_coverageSchema":"1a1c01bbd47fc00a2c39e90264f33305004495a9","hash":"bffca4b8b395633c51ead3dba574c777c1f9b532"}
,"/Users/devanshvyas/Documents/Temp/src/components/ProfileVIew.tsx": {"path":"/Users/devanshvyas/Documents/Temp/src/components/ProfileVIew.tsx","statementMap":{"0":{"start":{"line":22,"column":2},"end":{"line":26,"column":4}},"1":{"start":{"line":29,"column":15},"end":{"line":42,"column":2}}},"fnMap":{"0":{"name":"ProfileView","decl":{"start":{"line":17,"column":24},"end":{"line":17,"column":35}},"loc":{"start":{"line":21,"column":16},"end":{"line":27,"column":1}},"line":21}},"branchMap":{},"s":{"0":17,"1":2},"f":{"0":17},"b":{},"_coverageSchema":"1a1c01bbd47fc00a2c39e90264f33305004495a9","hash":"603d5a1558a6487aeaa804ef8c63c4da680e9245"}
,"/Users/devanshvyas/Documents/Temp/src/components/RadioButton.tsx": {"path":"/Users/devanshvyas/Documents/Temp/src/components/RadioButton.tsx","statementMap":{"0":{"start":{"line":11,"column":55},"end":{"line":26,"column":1}},"1":{"start":{"line":16,"column":2},"end":{"line":25,"column":21}},"2":{"start":{"line":28,"column":15},"end":{"line":64,"column":2}}},"fnMap":{"0":{"name":"(anonymous_0)","decl":{"start":{"line":11,"column":55},"end":{"line":11,"column":56}},"loc":{"start":{"line":16,"column":2},"end":{"line":25,"column":21}},"line":16}},"branchMap":{"0":{"loc":{"start":{"line":17,"column":35},"end":{"line":17,"column":71}},"type":"binary-expr","locations":[{"start":{"line":17,"column":35},"end":{"line":17,"column":43}},{"start":{"line":17,"column":47},"end":{"line":17,"column":71}}],"line":17},"1":{"loc":{"start":{"line":21,"column":38},"end":{"line":21,"column":70}},"type":"binary-expr","locations":[{"start":{"line":21,"column":38},"end":{"line":21,"column":46}},{"start":{"line":21,"column":50},"end":{"line":21,"column":70}}],"line":21},"2":{"loc":{"start":{"line":22,"column":7},"end":{"line":22,"column":54}},"type":"binary-expr","locations":[{"start":{"line":22,"column":7},"end":{"line":22,"column":15}},{"start":{"line":22,"column":19},"end":{"line":22,"column":54}}],"line":22}},"s":{"0":1,"1":34,"2":1},"f":{"0":34},"b":{"0":[34,17],"1":[34,17],"2":[34,17]},"_coverageSchema":"1a1c01bbd47fc00a2c39e90264f33305004495a9","hash":"665bd4ef56ac584223282f54ff4b4c46a4149539"}
,"/Users/devanshvyas/Documents/Temp/src/components/UserItem.tsx": {"path":"/Users/devanshvyas/Documents/Temp/src/components/UserItem.tsx","statementMap":{"0":{"start":{"line":9,"column":2},"end":{"line":17,"column":4}},"1":{"start":{"line":20,"column":15},"end":{"line":39,"column":2}}},"fnMap":{"0":{"name":"UserItem","decl":{"start":{"line":8,"column":24},"end":{"line":8,"column":32}},"loc":{"start":{"line":8,"column":67},"end":{"line":18,"column":1}},"line":8}},"branchMap":{"0":{"loc":{"start":{"line":11,"column":30},"end":{"line":11,"column":52}},"type":"binary-expr","locations":[{"start":{"line":11,"column":30},"end":{"line":11,"column":46}},{"start":{"line":11,"column":50},"end":{"line":11,"column":52}}],"line":11},"1":{"loc":{"start":{"line":14,"column":55},"end":{"line":14,"column":70}},"type":"binary-expr","locations":[{"start":{"line":14,"column":55},"end":{"line":14,"column":64}},{"start":{"line":14,"column":68},"end":{"line":14,"column":70}}],"line":14}},"s":{"0":16,"1":1},"f":{"0":16},"b":{"0":[16,0],"1":[16,0]},"_coverageSchema":"1a1c01bbd47fc00a2c39e90264f33305004495a9","hash":"8f393795939f0cb725bda93724df01d5448f17e4"}
,"/Users/devanshvyas/Documents/Temp/src/constants/Colors.ts": {"path":"/Users/devanshvyas/Documents/Temp/src/constants/Colors.ts","statementMap":{"0":{"start":{"line":1,"column":22},"end":{"line":6,"column":1}}},"fnMap":{},"branchMap":{},"s":{"0":2},"f":{},"b":{},"_coverageSchema":"1a1c01bbd47fc00a2c39e90264f33305004495a9","hash":"79434f686f04c3f13e149396ac222eb86e00c01f"}
,"/Users/devanshvyas/Documents/Temp/src/graphQL/queries.ts": {"path":"/Users/devanshvyas/Documents/Temp/src/graphQL/queries.ts","statementMap":{"0":{"start":{"line":1,"column":40},"end":{"line":13,"column":1}}},"fnMap":{},"branchMap":{},"s":{"0":2},"f":{},"b":{},"_coverageSchema":"1a1c01bbd47fc00a2c39e90264f33305004495a9","hash":"a03c059a36883d960c86916fec8eb75caa00b997"}
,"/Users/devanshvyas/Documents/Temp/src/screens/CustomerDetail.tsx": {"path":"/Users/devanshvyas/Documents/Temp/src/screens/CustomerDetail.tsx","statementMap":{"0":{"start":{"line":10,"column":2},"end":{"line":21,"column":4}},"1":{"start":{"line":24,"column":15},"end":{"line":51,"column":2}}},"fnMap":{"0":{"name":"CustomerDetail","decl":{"start":{"line":9,"column":24},"end":{"line":9,"column":38}},"loc":{"start":{"line":9,"column":57},"end":{"line":22,"column":1}},"line":9}},"branchMap":{"0":{"loc":{"start":{"line":13,"column":19},"end":{"line":13,"column":49}},"type":"binary-expr","locations":[{"start":{"line":13,"column":19},"end":{"line":13,"column":43}},{"start":{"line":13,"column":47},"end":{"line":13,"column":49}}],"line":13}},"s":{"0":1,"1":1},"f":{"0":1},"b":{"0":[1,0]},"_coverageSchema":"1a1c01bbd47fc00a2c39e90264f33305004495a9","hash":"f58d7b7161aa70a86a1ec08cbd7c7c3ec4644c1c"}
,"/Users/devanshvyas/Documents/Temp/src/screens/ZellerCustomerList.tsx": {"path":"/Users/devanshvyas/Documents/Temp/src/screens/ZellerCustomerList.tsx","statementMap":{"0":{"start":{"line":23,"column":26},"end":{"line":23,"column":64}},"1":{"start":{"line":24,"column":36},"end":{"line":24,"column":66}},"2":{"start":{"line":25,"column":52},"end":{"line":27,"column":3}},"3":{"start":{"line":28,"column":32},"end":{"line":28,"column":47}},"4":{"start":{"line":30,"column":2},"end":{"line":38,"column":13}},"5":{"start":{"line":31,"column":4},"end":{"line":31,"column":21}},"6":{"start":{"line":32,"column":4},"end":{"line":37,"column":7}},"7":{"start":{"line":33,"column":6},"end":{"line":33,"column":24}},"8":{"start":{"line":34,"column":6},"end":{"line":34,"column":32}},"9":{"start":{"line":35,"column":6},"end":{"line":35,"column":36}},"10":{"start":{"line":36,"column":6},"end":{"line":36,"column":24}},"11":{"start":{"line":40,"column":2},"end":{"line":108,"column":4}},"12":{"start":{"line":49,"column":14},"end":{"line":49,"column":31}},"13":{"start":{"line":56,"column":14},"end":{"line":56,"column":33}},"14":{"start":{"line":74,"column":29},"end":{"line":78,"column":13}},"15":{"start":{"line":76,"column":16},"end":{"line":77,"column":70}},"16":{"start":{"line":79,"column":12},"end":{"line":79,"column":45}},"17":{"start":{"line":95,"column":14},"end":{"line":102,"column":16}},"18":{"start":{"line":99,"column":20},"end":{"line":99,"column":57}},"19":{"start":{"line":111,"column":15},"end":{"line":142,"column":2}}},"fnMap":{"0":{"name":"ZellerCustomerList","decl":{"start":{"line":22,"column":24},"end":{"line":22,"column":42}},"loc":{"start":{"line":22,"column":66},"end":{"line":109,"column":1}},"line":22},"1":{"name":"(anonymous_1)","decl":{"start":{"line":30,"column":12},"end":{"line":30,"column":13}},"loc":{"start":{"line":30,"column":18},"end":{"line":38,"column":3}},"line":30},"2":{"name":"(anonymous_2)","decl":{"start":{"line":32,"column":39},"end":{"line":32,"column":40}},"loc":{"start":{"line":32,"column":48},"end":{"line":37,"column":5}},"line":32},"3":{"name":"(anonymous_3)","decl":{"start":{"line":48,"column":21},"end":{"line":48,"column":22}},"loc":{"start":{"line":48,"column":27},"end":{"line":50,"column":13}},"line":48},"4":{"name":"(anonymous_4)","decl":{"start":{"line":55,"column":21},"end":{"line":55,"column":22}},"loc":{"start":{"line":55,"column":27},"end":{"line":57,"column":13}},"line":55},"5":{"name":"(anonymous_5)","decl":{"start":{"line":73,"column":24},"end":{"line":73,"column":25}},"loc":{"start":{"line":73,"column":42},"end":{"line":80,"column":11}},"line":73},"6":{"name":"(anonymous_6)","decl":{"start":{"line":75,"column":14},"end":{"line":75,"column":15}},"loc":{"start":{"line":76,"column":16},"end":{"line":77,"column":70}},"line":76},"7":{"name":"(anonymous_7)","decl":{"start":{"line":94,"column":24},"end":{"line":94,"column":25}},"loc":{"start":{"line":94,"column":38},"end":{"line":103,"column":13}},"line":94},"8":{"name":"(anonymous_8)","decl":{"start":{"line":98,"column":27},"end":{"line":98,"column":28}},"loc":{"start":{"line":98,"column":33},"end":{"line":100,"column":19}},"line":98}},"branchMap":{"0":{"loc":{"start":{"line":76,"column":16},"end":{"line":77,"column":70}},"type":"binary-expr","locations":[{"start":{"line":76,"column":16},"end":{"line":76,"column":69}},{"start":{"line":77,"column":16},"end":{"line":77,"column":70}}],"line":76},"1":{"loc":{"start":{"line":82,"column":9},"end":{"line":105,"column":9}},"type":"cond-expr","locations":[{"start":{"line":83,"column":10},"end":{"line":88,"column":12}},{"start":{"line":89,"column":12},"end":{"line":105,"column":9}}],"line":82},"2":{"loc":{"start":{"line":89,"column":12},"end":{"line":105,"column":9}},"type":"cond-expr","locations":[{"start":{"line":90,"column":10},"end":{"line":90,"column":79}},{"start":{"line":92,"column":10},"end":{"line":104,"column":12}}],"line":89}},"s":{"0":20,"1":20,"2":20,"3":20,"4":20,"5":7,"6":7,"7":7,"8":7,"9":7,"10":7,"11":20,"12":1,"13":2,"14":2,"15":6,"16":2,"17":16,"18":1,"19":1},"f":{"0":20,"1":7,"2":7,"3":1,"4":2,"5":2,"6":6,"7":16,"8":1},"b":{"0":[6,2],"1":[10,10],"2":[4,6]},"_coverageSchema":"1a1c01bbd47fc00a2c39e90264f33305004495a9","hash":"8451cdc874b06476e39bd08928d80755eefe1564"}
,"/Users/devanshvyas/Documents/Temp/src/types/router.d.ts": {"path":"/Users/devanshvyas/Documents/Temp/src/types/router.d.ts","statementMap":{},"fnMap":{},"branchMap":{},"s":{},"f":{},"b":{}}
,"/Users/devanshvyas/Documents/Temp/src/types/zeller.d.ts": {"path":"/Users/devanshvyas/Documents/Temp/src/types/zeller.d.ts","statementMap":{},"fnMap":{},"branchMap":{},"s":{},"f":{},"b":{}}
,"/Users/devanshvyas/Documents/Temp/src/utils/stringutils.ts": {"path":"/Users/devanshvyas/Documents/Temp/src/utils/stringutils.ts","statementMap":{"0":{"start":{"line":2,"column":2},"end":{"line":2,"column":62}}},"fnMap":{"0":{"name":"capitalizeFirst","decl":{"start":{"line":1,"column":16},"end":{"line":1,"column":31}},"loc":{"start":{"line":1,"column":51},"end":{"line":3,"column":1}},"line":1}},"branchMap":{},"s":{"0":36},"f":{"0":36},"b":{},"_coverageSchema":"1a1c01bbd47fc00a2c39e90264f33305004495a9","hash":"f60484d327a277ab078c8b024e965685a407b9e2"}
}
