TN:
SF:src/api/api.ts
FN:6,(anonymous_0)
FNF:1
FNH:1
FNDA:3,(anonymous_0)
DA:4,2
DA:6,2
DA:7,3
DA:8,3
DA:12,2
DA:14,1
DA:15,1
LF:7
LH:7
BRF:0
BRH:0
end_of_record
TN:
SF:src/components/ProfileVIew.tsx
FN:17,ProfileView
FNF:1
FNH:1
FNDA:10,ProfileView
DA:22,10
DA:29,2
LF:2
LH:2
BRF:0
BRH:0
end_of_record
TN:
SF:src/components/RadioButton.tsx
FN:11,(anonymous_0)
FNF:1
FNH:1
FNDA:24,(anonymous_0)
DA:11,1
DA:16,24
DA:28,1
LF:3
LH:3
BRDA:17,0,0,24
BRDA:17,0,1,12
BRDA:21,1,0,24
BRDA:21,1,1,12
BRDA:22,2,0,24
BRDA:22,2,1,12
BRF:6
BRH:6
end_of_record
TN:
SF:src/components/UserItem.tsx
FN:8,UserItem
FNF:1
FNH:1
FNDA:9,UserItem
DA:9,9
DA:20,1
LF:2
LH:2
BRDA:11,0,0,9
BRDA:11,0,1,0
BRDA:14,1,0,9
BRDA:14,1,1,0
BRF:4
BRH:2
end_of_record
TN:
SF:src/constants/Colors.ts
FNF:0
FNH:0
DA:1,2
LF:1
LH:1
BRF:0
BRH:0
end_of_record
TN:
SF:src/graphQL/queries.ts
FNF:0
FNH:0
DA:1,2
LF:1
LH:1
BRF:0
BRH:0
end_of_record
TN:
SF:src/screens/CustomerDetail.tsx
FN:9,CustomerDetail
FNF:1
FNH:1
FNDA:1,CustomerDetail
DA:10,1
DA:24,1
LF:2
LH:2
BRDA:13,0,0,1
BRDA:13,0,1,0
BRF:2
BRH:1
end_of_record
TN:
SF:src/screens/ZellerCustomerList.tsx
FN:21,ZellerCustomerList
FN:26,(anonymous_1)
FN:28,(anonymous_2)
FN:43,(anonymous_3)
FN:50,(anonymous_4)
FN:71,(anonymous_5)
FN:75,(anonymous_6)
FNF:7
FNH:7
FNDA:15,ZellerCustomerList
FNDA:6,(anonymous_1)
FNDA:6,(anonymous_2)
FNDA:1,(anonymous_3)
FNDA:2,(anonymous_4)
FNDA:9,(anonymous_5)
FNDA:1,(anonymous_6)
DA:22,15
DA:23,15
DA:24,15
DA:26,15
DA:27,6
DA:28,6
DA:29,6
DA:30,6
DA:31,6
DA:35,15
DA:44,1
DA:51,2
DA:72,9
DA:76,1
DA:88,1
LF:15
LH:15
BRDA:59,0,0,9
BRDA:59,0,1,6
BRDA:66,1,0,3
BRDA:66,1,1,3
BRF:4
BRH:4
end_of_record
TN:
SF:src/types/router.d.ts
FNF:0
FNH:0
LF:0
LH:0
BRF:0
BRH:0
end_of_record
TN:
SF:src/types/zeller.d.ts
FNF:0
FNH:0
LF:0
LH:0
BRF:0
BRH:0
end_of_record
TN:
SF:src/utils/stringutils.ts
FN:1,capitalizeFirst
FNF:1
FNH:1
FNDA:24,capitalizeFirst
DA:2,24
LF:1
LH:1
BRF:0
BRH:0
end_of_record
