TN:
SF:src/api/api.ts
FN:6,(anonymous_0)
FNF:1
FNH:1
FNDA:3,(anonymous_0)
DA:4,2
DA:6,2
DA:7,3
DA:8,3
DA:12,2
DA:14,1
DA:15,1
LF:7
LH:7
BRF:0
BRH:0
end_of_record
TN:
SF:src/components/ProfileVIew.tsx
FN:17,ProfileView
FNF:1
FNH:1
FNDA:17,ProfileView
DA:22,17
DA:29,2
LF:2
LH:2
BRF:0
BRH:0
end_of_record
TN:
SF:src/components/RadioButton.tsx
FN:11,(anonymous_0)
FNF:1
FNH:1
FNDA:34,(anonymous_0)
DA:11,1
DA:16,34
DA:28,1
LF:3
LH:3
BRDA:17,0,0,34
BRDA:17,0,1,17
BRDA:21,1,0,34
BRDA:21,1,1,17
BRDA:22,2,0,34
BRDA:22,2,1,17
BRF:6
BRH:6
end_of_record
TN:
SF:src/components/UserItem.tsx
FN:8,UserItem
FNF:1
FNH:1
FNDA:16,UserItem
DA:9,16
DA:20,1
LF:2
LH:2
BRDA:11,0,0,16
BRDA:11,0,1,0
BRDA:14,1,0,16
BRDA:14,1,1,0
BRF:4
BRH:2
end_of_record
TN:
SF:src/constants/Colors.ts
FNF:0
FNH:0
DA:1,2
LF:1
LH:1
BRF:0
BRH:0
end_of_record
TN:
SF:src/graphQL/queries.ts
FNF:0
FNH:0
DA:1,2
LF:1
LH:1
BRF:0
BRH:0
end_of_record
TN:
SF:src/screens/CustomerDetail.tsx
FN:9,CustomerDetail
FNF:1
FNH:1
FNDA:1,CustomerDetail
DA:10,1
DA:24,1
LF:2
LH:2
BRDA:13,0,0,1
BRDA:13,0,1,0
BRF:2
BRH:1
end_of_record
TN:
SF:src/screens/ZellerCustomerList.tsx
FN:22,ZellerCustomerList
FN:30,(anonymous_1)
FN:32,(anonymous_2)
FN:48,(anonymous_3)
FN:55,(anonymous_4)
FN:73,(anonymous_5)
FN:75,(anonymous_6)
FN:94,(anonymous_7)
FN:98,(anonymous_8)
FNF:9
FNH:9
FNDA:20,ZellerCustomerList
FNDA:7,(anonymous_1)
FNDA:7,(anonymous_2)
FNDA:1,(anonymous_3)
FNDA:2,(anonymous_4)
FNDA:2,(anonymous_5)
FNDA:6,(anonymous_6)
FNDA:16,(anonymous_7)
FNDA:1,(anonymous_8)
DA:23,20
DA:24,20
DA:25,20
DA:28,20
DA:30,20
DA:31,7
DA:32,7
DA:33,7
DA:34,7
DA:35,7
DA:36,7
DA:40,20
DA:49,1
DA:56,2
DA:74,2
DA:76,6
DA:79,2
DA:95,16
DA:99,1
DA:111,1
LF:20
LH:20
BRDA:76,0,0,6
BRDA:76,0,1,2
BRDA:82,1,0,10
BRDA:82,1,1,10
BRDA:89,2,0,4
BRDA:89,2,1,6
BRF:6
BRH:6
end_of_record
TN:
SF:src/types/router.d.ts
FNF:0
FNH:0
LF:0
LH:0
BRF:0
BRH:0
end_of_record
TN:
SF:src/types/zeller.d.ts
FNF:0
FNH:0
LF:0
LH:0
BRF:0
BRH:0
end_of_record
TN:
SF:src/utils/stringutils.ts
FN:1,capitalizeFirst
FNF:1
FNH:1
FNDA:36,capitalizeFirst
DA:2,36
LF:1
LH:1
BRF:0
BRH:0
end_of_record
